LEMRbWM
1ONga6K
R9Erp8a
mdoX6qX
zg3WAG8
GXWo5vQ
XV9pgPz
w3QRqjv
dYWxAoX
kvN3Xx8
31o7APQ
1ON7XPk
KvJbgNj
ZgQpdln
GXWwNMQ
6Zd97GG
w3QlgG1
98xrKXK
GXWLWqo
kvN0vnL
73L1l5Z
QOv9P8K
pxdKXEV
Y81gAX6
AeV7Glg
NLNRVK8
JoevWPE
JoevJNO
EN6ejdG
LEMGV72
r9R2k9a
dYWZg3j
1ONpaXQ
VZxGP8b
AeVGlkW
w3QaQwl
mdo5d5W
xVrNZ6W
5rEln7X
oREqp0n
oREqYRb
kvNjjp6
pxdjpLv
nmvKwxq
ZgQ0xZ8
dYWOxvv
AeVNrMR
r97eLda
MdYaZo9
qO70leE
vZA2NOr
bJaO8vq
mda6785
ORW8X2Y
6Zdj2PP
295jzkb
5rEzmnk
gXebngQ
r9ROxr3
Y8ax7lR
qO7ELmV
AexQmde
mdaYEG1
xVr3JVq
KvJmAm1
AeVv9nY
GXmWk6Q
5rEg0on
ORA8OZ1
PxooJnM
EN6VdnR
GXWOAjo
EN6RJpm
dYW1m2E
5rEg3x1
qO77Apj
JoeQYQe
6ZddvNG
W3llz6k
Zgaa9L0
EN667XJ
xVvvZQJ
ORA8b1q
ORA8oK1
JoeQbpO
GXmQ6R0
lEag0kx
VZx0GLb
0xPGr8v
R9EEL50
joaVObj
dYa969w
mdaKGb1
GXmX1xQ
Y811XZM
W3OOwOQ
Md6d8rn
oREEAdJ
mdad696
JoeeON2
KvgvQ91
gXaXlYO
eN55qZz
6Zddq0G
xVv2kPm
w3o2Z8l
ORAAxQd
Y811pW6
295X36J
ORWzQXY
VZNzoJY
XVazXMb
zgdGj3E
nmvvNzx
5rJ5lbk
VZxx5Eb
gXeeawM
lEAAv25
gXadAvg
AexmMvd
ORWVK97
XVaeLG0
AeVVVNl
W3l0Vqk
8VNYv9m
LEKr8V6
5rJe5R6
NLNNLde
8VRRZlo
VZNekP0
r978gVo
R9ePan0
310Jz3g
kvNN6Xk
zgdedGE
lEa1Y3l
XV99ObX
8VN28nV
Aex2qOY
lEaNRX8
vZ11Xbr
w3QQ7Zx
6ZdMXzE
ZgQQJNQ
1ONNMLX
R9evxYb
gXa0n8J
dYWa582
Pxo5NpW
LEKwePM
Aex5YOY
nmvabOz
R9EeYgn
w3oAEGx
Pxo5aMK
w3oArz6
zgdn631
xVrvXxp
dYar8bK
5rJda6o
ENQPw3J
98xlM3x
5rJde6k
vZAXEww
1ONWmLQ
1OW39PJ
AexXK8l
Jo8an0O
Jo8adox
ORAW9k7
w3QoL56
ENQn6L0
Md6vzd6
xVv75ol
ZgQan9x
pxdaK86
AexpMxg
8VN06Al
eNaYLkM
QOv03lG
EN6Q6M1
vZAE19b
73Y5GPx
73LYo6x
W3lZxqG
310NMZz
LEKQV59
NLNPz2w
Joe8Woj
bJawWWZ
5rJXjL5
qO7RYKA
LEKQ2a1
joYaOvO
Px5krgp
lEAanle
ORAWdX7
AeVxp9d
ZgaOmvQ
vZAWZx3
QO0woOr
ORWlXLJ
XV9NGXb
joYVRpk
dYW9pZK
8VGm1kX
bJxY2Gp
Y8ljkbJ
OR61JvY
XVNjVrm
bJ6xZAN
W3OY6jQ
QOWPP8w
VZxMnEJ
dYW9gox
ORA6kog
VZMkYXA
oRPmgNv
bJ6xNRM
PxP0MqJ
73G8G2Q
AeL1meW
w3QNJqx
joYV9ae
AeLjRxY
LEM85X6
W3Y1w9G
EN6mmX0
ZgQXnPx
R95jzKd
qO59pkA
KvVlW3N
LEM8Gga
gXr6pZQ
VZMV2NG
5rGxv96
KvJVglp
0xGqag1
MdgOrm9
gXrAkkM
OR6YPJY
VZM9K8b
QOWJlbK
EN6mmEJ
joVEro5
xVl6rPN
lEAg5Ne
W3O3Mgx
29AGeq8
LE8aVve
PxPadME
AeVL2bQ
GXQA8q0
dY9VdKX
kvN8p8L
xVrlZrg
oRP5Eeb
oRP5Rb6
5rG0YZo
VZMgq9V
VZxZve5
6ZGveM7
w3Q3pxv
AeLME7e
NLK9X9L
qOLO17V
eN5Nw56
VZMJwWb
29GdKK5
lEAEx2N
R95W7Gn
gXeXvqK
GXWXV0Q
73G9MgO
8VG1Z5v
KvVaAn1
oRPOdOk
ORARkOq
xVrVznm
VZxZ2KV
zgAzJP8
8VRVanq
nm6b2P3
w3Q3jk1
w3NVZE1
ORARoXY
98x8wKr
w3NVvvp
6ZdZjkL
bJxp5NN
r9R9j5m
mdKOJ7x
nm60Ojq
bJxp99N
31GdoJ0
joYoGmQ
XV9VJ90
joVLKpe
kvNv89O
6ZdZZjK
PxPjNXq
eN1eRml
Y8lXZjA
Mdg99z6
r9R98Ad
29A9206
dY9e02w
gXeXL2g
vZYaY1z
eN1ePmM
5rErKX1
R9ElJXe
xVr2O1N
ENm0ooG
xVlwzRl
XV9vEwz
MdglQ2k
aeR2LE6
ENm0ROK
dYW3VvE
oRPwRen
bJx2nwZ
LEMmx5a
VZMwAwY
Jo3Yj3n
AeLYW5w
gXegqYl
nm6YwRx
vZYxJLd
joYPnkk
mdo0zd9
PxPq7VJ
gXeG9nQ
8VG7Vm7
31G3OmP
aeRMp1v
MdYeLGr
98GKYb2
bJxM53r
R95YXxe
dYW3RPX
nm6oZNw